<?xml version="1.0" encoding="UTF-8"?>
<!-- Generated by org.testng.reporters.JUnitReportReporter -->
<testsuite ignored="0" hostname="DESKTOP-LHGKMSK" failures="0" tests="2" name="EduIT.Annotations" time="0.011" errors="0" timestamp="28 oct. 2023 18:33:02 GMT" skipped="0">
  <testcase classname="EduIT.Annotations" name="testCase1" time="0.010"/>
  <testcase classname="EduIT.Annotations" name="testCase2" time="0.001"/>
</testsuite> <!-- EduIT.Annotations -->
