<?xml version="1.0" encoding="UTF-8"?>
<!-- Generated by org.testng.reporters.JUnitReportReporter -->
<testsuite ignored="0" hostname="DESKTOP-LHGKMSK" failures="0" tests="2" name="EduIT.Laboratorio_3" time="4.673" errors="0" timestamp="28 oct. 2023 19:59:03 GMT" skipped="0">
  <testcase classname="EduIT.Laboratorio_3" name="pruebaTest" time="0.258"/>
  <testcase classname="EduIT.Laboratorio_3" name="registrarUsuario" time="4.415"/>
</testsuite> <!-- EduIT.Laboratorio_3 -->
