<?xml version="1.0" encoding="UTF-8"?>
<!-- Generated by org.testng.reporters.JUnitReportReporter -->
<testsuite ignored="0" hostname="DESKTOP-LHGKMSK" failures="0" tests="3" name="EduIT.Test_BeforeTestAndBeforeMethod" time="0.013" errors="0" timestamp="28 oct. 2023 18:40:02 GMT" skipped="0">
  <testcase classname="EduIT.Test_BeforeTestAndBeforeMethod" name="testADemo" time="0.011"/>
  <testcase classname="EduIT.Test_BeforeTestAndBeforeMethod" name="testBDemo" time="0.001"/>
  <testcase classname="EduIT.Test_BeforeTestAndBeforeMethod" name="testCDemo" time="0.001"/>
</testsuite> <!-- EduIT.Test_BeforeTestAndBeforeMethod -->
