<?xml version="1.0" encoding="UTF-8"?>
<!-- Generated by org.testng.reporters.JUnitReportReporter -->
<testsuite ignored="0" hostname="DESKTOP-LHGKMSK" failures="0" tests="2" name="pruebas.CrossBrowserTest" time="22.257" errors="0" timestamp="28 oct. 2023 20:43:17 GMT" skipped="0">
  <testcase classname="pruebas.CrossBrowserTest" name="buscarPalabra" time="12.078"/>
  <testcase classname="pruebas.CrossBrowserTest" name="buscarPalabra" time="10.179"/>
</testsuite> <!-- pruebas.CrossBrowserTest -->
